<?xml version="1.0" encoding="utf-8"?><testsuites name="pytest tests"><testsuite name="pytest" errors="0" failures="5" skipped="0" tests="23" time="3.052" timestamp="2026-01-11T19:06:20.269375+00:00" hostname="agent-env-2e2c522f-a573-426f-b39b-acbf42ff0f17"><testcase classname="tests.test_metric_reporting_customization.TestCustomRatiosVariables" name="test_get_available_variables" time="0.367" /><testcase classname="tests.test_metric_reporting_customization.TestCustomRatiosCRUD" name="test_create_custom_ratio" time="0.349" /><testcase classname="tests.test_metric_reporting_customization.TestCustomRatiosCRUD" name="test_get_custom_ratios" time="0.044" /><testcase classname="tests.test_metric_reporting_customization.TestCustomRatiosCRUD" name="test_get_pinned_ratios" time="0.038" /><testcase classname="tests.test_metric_reporting_customization.TestCustomRatiosCRUD" name="test_get_single_ratio" time="0.037" /><testcase classname="tests.test_metric_reporting_customization.TestCustomRatiosCRUD" name="test_update_custom_ratio" time="0.077" /><testcase classname="tests.test_metric_reporting_customization.TestCustomRatiosCRUD" name="test_pin_toggle_ratio" time="0.041" /><testcase classname="tests.test_metric_reporting_customization.TestCustomRatiosCRUD" name="test_promote_ratio_visibility" time="0.041" /><testcase classname="tests.test_metric_reporting_customization.TestCustomRatiosCRUD" name="test_calculate_ratio" time="0.035"><failure message="assert 422 == 200&#10; +  where 422 = &lt;Response [422]&gt;.status_code">tests/test_metric_reporting_customization.py:279: in test_calculate_ratio
    assert response.status_code == 200
E   assert 422 == 200
E    +  where 422 = &lt;Response [422]&gt;.status_code</failure></testcase><testcase classname="tests.test_metric_reporting_customization.TestCustomRatiosCRUD" name="test_delete_custom_ratio" time="0.039" /><testcase classname="tests.test_metric_reporting_customization.TestDashboardLayouts" name="test_get_dashboard_layouts_with_templates" time="0.308" /><testcase classname="tests.test_metric_reporting_customization.TestDashboardLayouts" name="test_role_template_structure" time="0.043" /><testcase classname="tests.test_metric_reporting_customization.TestDashboardLayouts" name="test_create_custom_layout" time="0.050" /><testcase classname="tests.test_metric_reporting_customization.TestDashboardLayouts" name="test_apply_layout" time="0.073"><failure message="assert 404 == 200&#10; +  where 404 = &lt;Response [404]&gt;.status_code">tests/test_metric_reporting_customization.py:406: in test_apply_layout
    assert response.status_code == 200
E   assert 404 == 200
E    +  where 404 = &lt;Response [404]&gt;.status_code</failure></testcase><testcase classname="tests.test_metric_reporting_customization.TestDashboardLayouts" name="test_update_layout" time="0.039" /><testcase classname="tests.test_metric_reporting_customization.TestDashboardLayouts" name="test_delete_layout" time="0.037" /><testcase classname="tests.test_metric_reporting_customization.TestUserPreferences" name="test_get_reporting_horizon_preferences" time="0.300" /><testcase classname="tests.test_metric_reporting_customization.TestUserPreferences" name="test_update_reporting_horizon_preferences" time="0.079" /><testcase classname="tests.test_metric_reporting_customization.TestUserPreferences" name="test_get_active_layout_preferences" time="0.042" /><testcase classname="tests.test_metric_reporting_customization.TestUserPreferences" name="test_update_active_layout_preferences" time="0.038" /><testcase classname="tests.test_metric_reporting_customization.TestPinnedRatiosForDashboard" name="test_get_pinned_ratios_for_company" time="0.335"><failure message="AssertionError: assert False&#10; +  where False = isinstance({'company_id': 'abb6fc16-2fe6-4e55-9e51-f4eee171502e', 'pinned_ratios': [{'description': 'Measures ability to cover liabilities with liquid assets', 'id': '7ddfbc50-018e-4dc4-8c77-ea3893203fe8', 'is_higher_better': True, 'name': 'Custom Liquidity Coverage', ...}]}, list)">tests/test_metric_reporting_customization.py:533: in test_get_pinned_ratios_for_company
    assert isinstance(ratios, list)
E   AssertionError: assert False
E    +  where False = isinstance({'company_id': 'abb6fc16-2fe6-4e55-9e51-f4eee171502e', 'pinned_ratios': [{'description': 'Measures ability to cover liabilities with liquid assets', 'id': '7ddfbc50-018e-4dc4-8c77-ea3893203fe8', 'is_higher_better': True, 'name': 'Custom Liquidity Coverage', ...}]}, list)</failure></testcase><testcase classname="tests.test_metric_reporting_customization.TestIntegrationFlow" name="test_full_custom_ratio_workflow" time="0.373"><failure message="TypeError: string indices must be integers, not 'str'">tests/test_metric_reporting_customization.py:580: in test_full_custom_ratio_workflow
    found = any(r["id"] == ratio_id for r in pinned_ratios)
            ^^^^^^^^^^^^^^^^^^^^^^^^^^^^^^^^^^^^^^^^^^^^^^^
tests/test_metric_reporting_customization.py:580: in &lt;genexpr&gt;
    found = any(r["id"] == ratio_id for r in pinned_ratios)
                ^^^^^^^
E   TypeError: string indices must be integers, not 'str'</failure></testcase><testcase classname="tests.test_metric_reporting_customization.TestIntegrationFlow" name="test_dashboard_layout_workflow" time="0.076"><failure message="assert 404 == 200&#10; +  where 404 = &lt;Response [404]&gt;.status_code">tests/test_metric_reporting_customization.py:629: in test_dashboard_layout_workflow
    assert apply_response.status_code == 200
E   assert 404 == 200
E    +  where 404 = &lt;Response [404]&gt;.status_code</failure></testcase></testsuite></testsuites>