<?xml version="1.0" encoding="utf-8"?><testsuites name="pytest tests"><testsuite name="pytest" errors="0" failures="0" skipped="0" tests="16" time="2.223" timestamp="2026-01-20T21:11:01.508412+00:00" hostname="agent-env-3d6b000f-a8d1-43d4-88a7-c0560aca5bf2"><testcase classname="tests.test_admin_rbac.TestAdminRBAC" name="test_public_config_no_auth" time="0.077" /><testcase classname="tests.test_admin_rbac.TestAdminRBAC" name="test_admin_get_config_success" time="0.308" /><testcase classname="tests.test_admin_rbac.TestAdminRBAC" name="test_admin_get_config_forbidden_for_tenant" time="0.307" /><testcase classname="tests.test_admin_rbac.TestAdminRBAC" name="test_admin_update_config" time="0.125" /><testcase classname="tests.test_admin_rbac.TestAdminRBAC" name="test_admin_update_config_forbidden_for_tenant" time="0.043" /><testcase classname="tests.test_admin_rbac.TestAdminRBAC" name="test_admin_get_users_success" time="0.041" /><testcase classname="tests.test_admin_rbac.TestAdminRBAC" name="test_admin_get_users_forbidden_for_tenant" time="0.036" /><testcase classname="tests.test_admin_rbac.TestAdminRBAC" name="test_admin_update_user_role" time="0.203" /><testcase classname="tests.test_admin_rbac.TestAdminRBAC" name="test_admin_update_user_role_invalid_role" time="0.075" /><testcase classname="tests.test_admin_rbac.TestAdminRBAC" name="test_admin_cannot_demote_self" time="0.075" /><testcase classname="tests.test_admin_rbac.TestAdminRBAC" name="test_admin_update_role_forbidden_for_tenant" time="0.072" /><testcase classname="tests.test_admin_rbac.TestAdminRBAC" name="test_feature_flags_for_authenticated_user" time="0.042" /><testcase classname="tests.test_admin_rbac.TestAdminRBAC" name="test_feature_flags_for_tenant" time="0.037" /><testcase classname="tests.test_admin_rbac.TestAdminRBAC" name="test_feature_flags_requires_auth" time="0.037" /><testcase classname="tests.test_admin_rbac.TestAdminRBAC" name="test_visibility_toggles_update" time="0.160" /><testcase classname="tests.test_admin_rbac.TestAdminConfigPersistence" name="test_config_changes_persist" time="0.458" /></testsuite></testsuites>