<?xml version="1.0" encoding="utf-8"?><testsuites name="pytest tests"><testsuite name="pytest" errors="0" failures="4" skipped="0" tests="43" time="16.031" timestamp="2026-01-10T18:31:20.988997+00:00" hostname="agent-env-1ed5bd21-be73-49f3-9efd-04875bda393b"><testcase classname="tests.test_fpa_loans_consolidation.TestFXRates" name="test_get_fx_rates_default_base" time="0.074" /><testcase classname="tests.test_fpa_loans_consolidation.TestFXRates" name="test_get_fx_rates_with_gbp_base" time="0.040" /><testcase classname="tests.test_fpa_loans_consolidation.TestFXRates" name="test_fx_convert_same_currency" time="0.038" /><testcase classname="tests.test_fpa_loans_consolidation.TestFXRates" name="test_fx_convert_different_currencies" time="0.040"><failure message="KeyError: 'from_currency'">tests/test_fpa_loans_consolidation.py:64: in test_fx_convert_different_currencies
    assert data["from_currency"] == "GBP"
           ^^^^^^^^^^^^^^^^^^^^^
E   KeyError: 'from_currency'</failure></testcase><testcase classname="tests.test_fpa_loans_consolidation.TestFPADriverTypes" name="test_get_driver_types" time="0.037" /><testcase classname="tests.test_fpa_loans_consolidation.TestFPAPlanningVersions" name="test_create_planning_version" time="0.374" /><testcase classname="tests.test_fpa_loans_consolidation.TestFPAPlanningVersions" name="test_get_planning_versions_list" time="0.377" /><testcase classname="tests.test_fpa_loans_consolidation.TestFPAPlanningVersions" name="test_get_single_planning_version" time="0.412" /><testcase classname="tests.test_fpa_loans_consolidation.TestFPAPlanningVersions" name="test_update_planning_version" time="0.492" /><testcase classname="tests.test_fpa_loans_consolidation.TestFPAPlanningVersions" name="test_toggle_version_lock" time="0.448" /><testcase classname="tests.test_fpa_loans_consolidation.TestFPAPlanningVersions" name="test_cannot_update_locked_version" time="0.482" /><testcase classname="tests.test_fpa_loans_consolidation.TestFPAPlanningVersions" name="test_copy_planning_version" time="0.516" /><testcase classname="tests.test_fpa_loans_consolidation.TestFPAPlanningVersions" name="test_delete_planning_version" time="0.401" /><testcase classname="tests.test_fpa_loans_consolidation.TestFPAPlanningVersions" name="test_cannot_delete_locked_version" time="0.478" /><testcase classname="tests.test_fpa_loans_consolidation.TestFPADrivers" name="test_create_driver" time="0.335" /><testcase classname="tests.test_fpa_loans_consolidation.TestFPADrivers" name="test_duplicate_driver_name_rejected" time="0.379" /><testcase classname="tests.test_fpa_loans_consolidation.TestFPADrivers" name="test_get_drivers_list" time="0.309" /><testcase classname="tests.test_fpa_loans_consolidation.TestFPADrivers" name="test_get_single_driver" time="0.364" /><testcase classname="tests.test_fpa_loans_consolidation.TestFPADrivers" name="test_update_driver" time="0.404" /><testcase classname="tests.test_fpa_loans_consolidation.TestFPADrivers" name="test_delete_driver" time="0.410" /><testcase classname="tests.test_fpa_loans_consolidation.TestFPAOverview" name="test_get_fpa_overview" time="0.300" /><testcase classname="tests.test_fpa_loans_consolidation.TestLoans" name="test_create_loan" time="0.367" /><testcase classname="tests.test_fpa_loans_consolidation.TestLoans" name="test_get_loans_list" time="0.340" /><testcase classname="tests.test_fpa_loans_consolidation.TestLoans" name="test_get_single_loan" time="0.407" /><testcase classname="tests.test_fpa_loans_consolidation.TestLoans" name="test_update_loan" time="0.487" /><testcase classname="tests.test_fpa_loans_consolidation.TestLoans" name="test_delete_loan" time="0.401" /><testcase classname="tests.test_fpa_loans_consolidation.TestCovenants" name="test_create_covenant" time="0.423" /><testcase classname="tests.test_fpa_loans_consolidation.TestCovenants" name="test_get_covenants_list" time="0.402" /><testcase classname="tests.test_fpa_loans_consolidation.TestCovenants" name="test_get_single_covenant" time="0.496" /><testcase classname="tests.test_fpa_loans_consolidation.TestCovenants" name="test_update_covenant" time="0.504" /><testcase classname="tests.test_fpa_loans_consolidation.TestCovenants" name="test_delete_covenant" time="0.446"><failure message="KeyError: 'id'">tests/test_fpa_loans_consolidation.py:912: in test_delete_covenant
    covenant_id = create_response.json()["id"]
                  ^^^^^^^^^^^^^^^^^^^^^^^^^^^^
E   KeyError: 'id'</failure></testcase><testcase classname="tests.test_fpa_loans_consolidation.TestCovenants" name="test_record_covenant_measurement_compliant" time="0.440" /><testcase classname="tests.test_fpa_loans_consolidation.TestCovenants" name="test_record_covenant_measurement_warning" time="0.457" /><testcase classname="tests.test_fpa_loans_consolidation.TestCovenants" name="test_record_covenant_measurement_breach" time="0.485" /><testcase classname="tests.test_fpa_loans_consolidation.TestCovenants" name="test_get_covenant_summary" time="0.405" /><testcase classname="tests.test_fpa_loans_consolidation.TestConsolidationGroups" name="test_create_consolidation_group" time="0.337"><failure message="KeyError: 'reporting_currency'">tests/test_fpa_loans_consolidation.py:1071: in test_create_consolidation_group
    assert data["reporting_currency"] == "USD"
           ^^^^^^^^^^^^^^^^^^^^^^^^^^
E   KeyError: 'reporting_currency'</failure></testcase><testcase classname="tests.test_fpa_loans_consolidation.TestConsolidationGroups" name="test_get_consolidation_groups_list" time="0.335" /><testcase classname="tests.test_fpa_loans_consolidation.TestConsolidationGroups" name="test_get_single_consolidation_group" time="0.410" /><testcase classname="tests.test_fpa_loans_consolidation.TestConsolidationGroups" name="test_update_consolidation_group" time="0.490" /><testcase classname="tests.test_fpa_loans_consolidation.TestConsolidationGroups" name="test_delete_consolidation_group" time="0.416" /><testcase classname="tests.test_fpa_loans_consolidation.TestConsolidationGroups" name="test_run_consolidation" time="0.427" /><testcase classname="tests.test_fpa_loans_consolidation.TestConsolidationResults" name="test_get_consolidation_results" time="0.309" /><testcase classname="tests.test_fpa_loans_consolidation.TestConsolidationResults" name="test_get_entity_summary" time="0.304"><failure message="AssertionError: assert 'total_revenue' in {'by_currency': {'GBP': 1, 'USD': 1}, 'by_region': {'Americas': 1, 'null': 1}, 'entities': [{'country': 'United Kingdom', 'currency': 'GBP', 'id': 'abb6fc16-2fe6-4e55-9e51-f4eee171502e', 'name': 'Test Company UK', ...}, {'country': 'United States', 'currency': 'USD', 'id': '5300347f-48f4-4d0c-a59d-5fa9ef0e7358', 'name': 'US Division', ...}], 'total_entities': 2}">tests/test_fpa_loans_consolidation.py:1229: in test_get_entity_summary
    assert "total_revenue" in data
E   AssertionError: assert 'total_revenue' in {'by_currency': {'GBP': 1, 'USD': 1}, 'by_region': {'Americas': 1, 'null': 1}, 'entities': [{'country': 'United Kingdom', 'currency': 'GBP', 'id': 'abb6fc16-2fe6-4e55-9e51-f4eee171502e', 'name': 'Test Company UK', ...}, {'country': 'United States', 'currency': 'USD', 'id': '5300347f-48f4-4d0c-a59d-5fa9ef0e7358', 'name': 'US Division', ...}], 'total_entities': 2}</failure></testcase></testsuite></testsuites>