<?xml version="1.0" encoding="utf-8"?><testsuites name="pytest tests"><testsuite name="pytest" errors="0" failures="0" skipped="0" tests="19" time="5.923" timestamp="2026-01-12T13:02:43.261912+00:00" hostname="agent-env-8049b47b-9d0d-44c6-96b4-94a45a894e91"><testcase classname="tests.test_rag_policies.TestRAGPolicies" name="test_get_rag_defaults" time="0.325" /><testcase classname="tests.test_rag_policies.TestRAGPolicies" name="test_get_company_rag_policy_defaults" time="0.286" /><testcase classname="tests.test_rag_policies.TestRAGPolicies" name="test_evaluate_dso_green" time="0.321" /><testcase classname="tests.test_rag_policies.TestRAGPolicies" name="test_evaluate_dso_amber" time="0.321" /><testcase classname="tests.test_rag_policies.TestRAGPolicies" name="test_evaluate_dso_red" time="0.276" /><testcase classname="tests.test_rag_policies.TestRAGPolicies" name="test_evaluate_dpo_green" time="0.398" /><testcase classname="tests.test_rag_policies.TestRAGPolicies" name="test_evaluate_dpo_amber" time="0.277" /><testcase classname="tests.test_rag_policies.TestRAGPolicies" name="test_evaluate_dpo_red" time="0.323" /><testcase classname="tests.test_rag_policies.TestRAGPolicies" name="test_evaluate_cash_runway_green" time="0.278" /><testcase classname="tests.test_rag_policies.TestRAGPolicies" name="test_evaluate_cash_runway_amber" time="0.277" /><testcase classname="tests.test_rag_policies.TestRAGPolicies" name="test_evaluate_cash_runway_red" time="0.318" /><testcase classname="tests.test_rag_policies.TestRAGPolicies" name="test_evaluate_ebitda_margin_green" time="0.322" /><testcase classname="tests.test_rag_policies.TestRAGPolicies" name="test_evaluate_quick_ratio_green" time="0.276" /><testcase classname="tests.test_rag_policies.TestRAGPolicies" name="test_evaluate_revenue_growth_green" time="0.318" /><testcase classname="tests.test_rag_policies.TestRAGPolicies" name="test_evaluate_multiple_metrics" time="0.317" /><testcase classname="tests.test_rag_policies.TestRAGPolicies" name="test_evaluate_unknown_metric" time="0.274" /><testcase classname="tests.test_rag_policies.TestRAGPolicies" name="test_create_custom_rag_policy" time="0.325" /><testcase classname="tests.test_rag_policies.TestRAGPolicies" name="test_evaluate_with_custom_policy" time="0.301" /><testcase classname="tests.test_rag_policies.TestRAGPolicies" name="test_delete_custom_policy_reverts_to_defaults" time="0.334" /></testsuite></testsuites>