<?xml version="1.0" encoding="utf-8"?><testsuites name="pytest tests"><testsuite name="pytest" errors="0" failures="0" skipped="0" tests="23" time="2.979" timestamp="2026-01-11T19:07:59.632381+00:00" hostname="agent-env-2e2c522f-a573-426f-b39b-acbf42ff0f17"><testcase classname="tests.test_metric_reporting_customization.TestCustomRatiosVariables" name="test_get_available_variables" time="0.341" /><testcase classname="tests.test_metric_reporting_customization.TestCustomRatiosCRUD" name="test_create_custom_ratio" time="0.380" /><testcase classname="tests.test_metric_reporting_customization.TestCustomRatiosCRUD" name="test_get_custom_ratios" time="0.040" /><testcase classname="tests.test_metric_reporting_customization.TestCustomRatiosCRUD" name="test_get_pinned_ratios" time="0.042" /><testcase classname="tests.test_metric_reporting_customization.TestCustomRatiosCRUD" name="test_get_single_ratio" time="0.043" /><testcase classname="tests.test_metric_reporting_customization.TestCustomRatiosCRUD" name="test_update_custom_ratio" time="0.042" /><testcase classname="tests.test_metric_reporting_customization.TestCustomRatiosCRUD" name="test_pin_toggle_ratio" time="0.035" /><testcase classname="tests.test_metric_reporting_customization.TestCustomRatiosCRUD" name="test_promote_ratio_visibility" time="0.043" /><testcase classname="tests.test_metric_reporting_customization.TestCustomRatiosCRUD" name="test_calculate_ratio" time="0.036" /><testcase classname="tests.test_metric_reporting_customization.TestCustomRatiosCRUD" name="test_delete_custom_ratio" time="0.040" /><testcase classname="tests.test_metric_reporting_customization.TestDashboardLayouts" name="test_get_dashboard_layouts_with_templates" time="0.295" /><testcase classname="tests.test_metric_reporting_customization.TestDashboardLayouts" name="test_role_template_structure" time="0.043" /><testcase classname="tests.test_metric_reporting_customization.TestDashboardLayouts" name="test_create_custom_layout" time="0.037" /><testcase classname="tests.test_metric_reporting_customization.TestDashboardLayouts" name="test_apply_layout" time="0.081" /><testcase classname="tests.test_metric_reporting_customization.TestDashboardLayouts" name="test_update_layout" time="0.039" /><testcase classname="tests.test_metric_reporting_customization.TestDashboardLayouts" name="test_delete_layout" time="0.038" /><testcase classname="tests.test_metric_reporting_customization.TestUserPreferences" name="test_get_reporting_horizon_preferences" time="0.293" /><testcase classname="tests.test_metric_reporting_customization.TestUserPreferences" name="test_update_reporting_horizon_preferences" time="0.036" /><testcase classname="tests.test_metric_reporting_customization.TestUserPreferences" name="test_get_active_layout_preferences" time="0.038" /><testcase classname="tests.test_metric_reporting_customization.TestUserPreferences" name="test_update_active_layout_preferences" time="0.037" /><testcase classname="tests.test_metric_reporting_customization.TestPinnedRatiosForDashboard" name="test_get_pinned_ratios_for_company" time="0.334" /><testcase classname="tests.test_metric_reporting_customization.TestIntegrationFlow" name="test_full_custom_ratio_workflow" time="0.457" /><testcase classname="tests.test_metric_reporting_customization.TestIntegrationFlow" name="test_dashboard_layout_workflow" time="0.112" /></testsuite></testsuites>