<?xml version="1.0" encoding="utf-8"?><testsuites name="pytest tests"><testsuite name="pytest" errors="0" failures="0" skipped="0" tests="26" time="3.096" timestamp="2026-01-12T20:03:00.987332+00:00" hostname="agent-env-b0999aba-1f3f-41d6-9e5f-7bd556bae09e"><testcase classname="tests.test_entity_coa_governance.TestEntityTreeManagement" name="test_get_entity_tree_nodes" time="0.329" /><testcase classname="tests.test_entity_coa_governance.TestEntityTreeManagement" name="test_get_entity_hierarchy" time="0.033" /><testcase classname="tests.test_entity_coa_governance.TestEntityTreeManagement" name="test_get_entity_statistics" time="0.036" /><testcase classname="tests.test_entity_coa_governance.TestEntityTreeManagement" name="test_create_holdco_entity" time="0.041" /><testcase classname="tests.test_entity_coa_governance.TestEntityTreeManagement" name="test_create_subsidiary_entity" time="0.073" /><testcase classname="tests.test_entity_coa_governance.TestEntityTreeManagement" name="test_get_single_entity_node" time="0.076" /><testcase classname="tests.test_entity_coa_governance.TestEntityTreeManagement" name="test_update_entity_node" time="0.107" /><testcase classname="tests.test_entity_coa_governance.TestEntityTreeManagement" name="test_duplicate_entity_code_rejected" time="0.110" /><testcase classname="tests.test_entity_coa_governance.TestCOAMapping" name="test_get_group_schema" time="0.296" /><testcase classname="tests.test_entity_coa_governance.TestCOAMapping" name="test_get_erp_default_mappings_sage" time="0.042" /><testcase classname="tests.test_entity_coa_governance.TestCOAMapping" name="test_get_erp_default_mappings_netsuite" time="0.033" /><testcase classname="tests.test_entity_coa_governance.TestCOAMapping" name="test_create_coa_mapping" time="0.074" /><testcase classname="tests.test_entity_coa_governance.TestCOAMapping" name="test_get_entity_coa_mapping" time="0.070" /><testcase classname="tests.test_entity_coa_governance.TestCOAMapping" name="test_apply_default_coa_mappings" time="0.066" /><testcase classname="tests.test_entity_coa_governance.TestDataGovernance" name="test_get_data_health_overview" time="0.288" /><testcase classname="tests.test_entity_coa_governance.TestDataGovernance" name="test_get_data_governance_alerts" time="0.031" /><testcase classname="tests.test_entity_coa_governance.TestDataGovernance" name="test_get_required_categories" time="0.033" /><testcase classname="tests.test_entity_coa_governance.TestDataGovernance" name="test_set_required_categories" time="0.049" /><testcase classname="tests.test_entity_coa_governance.TestAdjustmentJournals" name="test_get_journal_types" time="0.290" /><testcase classname="tests.test_entity_coa_governance.TestAdjustmentJournals" name="test_create_adjustment_journal" time="0.040" /><testcase classname="tests.test_entity_coa_governance.TestAdjustmentJournals" name="test_get_adjustment_journals" time="0.073" /><testcase classname="tests.test_entity_coa_governance.TestAdjustmentJournals" name="test_create_unbalanced_journal_warning" time="0.073" /><testcase classname="tests.test_entity_coa_governance.TestERPProviders" name="test_get_erp_providers" time="0.328" /><testcase classname="tests.test_entity_coa_governance.TestERPProviders" name="test_get_erp_connections" time="0.035" /><testcase classname="tests.test_entity_coa_governance.TestConsolidationAggregation" name="test_get_consolidation_groups" time="0.294" /><testcase classname="tests.test_entity_coa_governance.TestConsolidationAggregation" name="test_get_entity_summary" time="0.044" /></testsuite></testsuites>