<?xml version="1.0" encoding="utf-8"?><testsuites name="pytest tests"><testsuite name="pytest" errors="0" failures="1" skipped="0" tests="22" time="2.121" timestamp="2026-01-11T00:15:54.596369+00:00" hostname="agent-env-1ed5bd21-be73-49f3-9efd-04875bda393b"><testcase classname="tests.test_rag_policy_entity_adjustments.TestRAGPolicyAPIs" name="test_get_default_rag_policies" time="0.378" /><testcase classname="tests.test_rag_policy_entity_adjustments.TestRAGPolicyAPIs" name="test_get_company_rag_policy_returns_defaults" time="0.040" /><testcase classname="tests.test_rag_policy_entity_adjustments.TestRAGPolicyAPIs" name="test_get_company_rag_policy_not_found" time="0.038" /><testcase classname="tests.test_rag_policy_entity_adjustments.TestRAGPolicyAPIs" name="test_create_rag_policy" time="0.035"><failure message="assert 422 == 200&#10; +  where 422 = &lt;Response [422]&gt;.status_code">tests/test_rag_policy_entity_adjustments.py:131: in test_create_rag_policy
    assert response.status_code == 200
E   assert 422 == 200
E    +  where 422 = &lt;Response [422]&gt;.status_code</failure></testcase><testcase classname="tests.test_rag_policy_entity_adjustments.TestRAGPolicyAPIs" name="test_create_rag_policy_invalid_company" time="0.040" /><testcase classname="tests.test_rag_policy_entity_adjustments.TestRAGPolicyAPIs" name="test_update_rag_policy" time="0.130" /><testcase classname="tests.test_rag_policy_entity_adjustments.TestRAGPolicyAPIs" name="test_delete_rag_policy" time="0.110" /><testcase classname="tests.test_rag_policy_entity_adjustments.TestRAGPolicyAPIs" name="test_evaluate_rag_status_green" time="0.045" /><testcase classname="tests.test_rag_policy_entity_adjustments.TestRAGPolicyAPIs" name="test_evaluate_rag_status_amber" time="0.037" /><testcase classname="tests.test_rag_policy_entity_adjustments.TestRAGPolicyAPIs" name="test_evaluate_rag_status_red" time="0.077" /><testcase classname="tests.test_rag_policy_entity_adjustments.TestEntityAdjustmentAPIs" name="test_get_adjustment_types" time="0.038" /><testcase classname="tests.test_rag_policy_entity_adjustments.TestEntityAdjustmentAPIs" name="test_get_entity_adjustments_empty" time="0.036" /><testcase classname="tests.test_rag_policy_entity_adjustments.TestEntityAdjustmentAPIs" name="test_create_entity_adjustment_currency_translation" time="0.085" /><testcase classname="tests.test_rag_policy_entity_adjustments.TestEntityAdjustmentAPIs" name="test_create_entity_adjustment_revenue_recognition" time="0.075" /><testcase classname="tests.test_rag_policy_entity_adjustments.TestEntityAdjustmentAPIs" name="test_create_entity_adjustment_depreciation" time="0.073" /><testcase classname="tests.test_rag_policy_entity_adjustments.TestEntityAdjustmentAPIs" name="test_create_entity_adjustment_invalid_company" time="0.038" /><testcase classname="tests.test_rag_policy_entity_adjustments.TestEntityAdjustmentAPIs" name="test_update_entity_adjustment" time="0.145" /><testcase classname="tests.test_rag_policy_entity_adjustments.TestEntityAdjustmentAPIs" name="test_update_entity_adjustment_not_found" time="0.038" /><testcase classname="tests.test_rag_policy_entity_adjustments.TestEntityAdjustmentAPIs" name="test_delete_entity_adjustment" time="0.154" /><testcase classname="tests.test_rag_policy_entity_adjustments.TestEntityAdjustmentAPIs" name="test_delete_entity_adjustment_not_found" time="0.041" /><testcase classname="tests.test_rag_policy_entity_adjustments.TestEntityAdjustmentAPIs" name="test_get_company_adjustments_summary" time="0.267" /><testcase classname="tests.test_rag_policy_entity_adjustments.TestEntityAdjustmentAPIs" name="test_get_company_adjustments_summary_not_found" time="0.036" /></testsuite></testsuites>