<?xml version="1.0" encoding="utf-8"?><testsuites name="pytest tests"><testsuite name="pytest" errors="0" failures="0" skipped="0" tests="19" time="3.894" timestamp="2026-01-10T18:07:06.278210+00:00" hostname="agent-env-7b34fb44-29e7-4aa1-bf2d-0049f3d155b0"><testcase classname="tests.test_multi_currency.TestReferenceAPIs" name="test_get_currencies_returns_list" time="0.070" /><testcase classname="tests.test_multi_currency.TestReferenceAPIs" name="test_currencies_have_required_fields" time="0.043" /><testcase classname="tests.test_multi_currency.TestReferenceAPIs" name="test_common_currencies_have_correct_symbols" time="0.040" /><testcase classname="tests.test_multi_currency.TestReferenceAPIs" name="test_get_countries_returns_list" time="0.043" /><testcase classname="tests.test_multi_currency.TestReferenceAPIs" name="test_countries_have_required_fields" time="0.044" /><testcase classname="tests.test_multi_currency.TestReferenceAPIs" name="test_countries_have_valid_regions" time="0.045" /><testcase classname="tests.test_multi_currency.TestReferenceAPIs" name="test_uk_has_correct_defaults" time="0.043" /><testcase classname="tests.test_multi_currency.TestReferenceAPIs" name="test_usa_has_correct_defaults" time="0.043" /><testcase classname="tests.test_multi_currency.TestReferenceAPIs" name="test_get_single_currency_by_code" time="0.037" /><testcase classname="tests.test_multi_currency.TestReferenceAPIs" name="test_get_invalid_currency_returns_404" time="0.052" /><testcase classname="tests.test_multi_currency.TestAuthenticatedAPIs" name="test_create_company_with_currency_fields" time="0.342" /><testcase classname="tests.test_multi_currency.TestAuthenticatedAPIs" name="test_create_company_with_gbp" time="0.344" /><testcase classname="tests.test_multi_currency.TestAuthenticatedAPIs" name="test_transaction_auto_populates_currency_from_company" time="0.425" /><testcase classname="tests.test_multi_currency.TestAuthenticatedAPIs" name="test_transaction_same_currency_fx_rate_is_one" time="0.416" /><testcase classname="tests.test_multi_currency.TestAuthenticatedAPIs" name="test_transaction_with_explicit_currency_fields" time="0.382" /><testcase classname="tests.test_multi_currency.TestAuthenticatedAPIs" name="test_get_companies_returns_currency_fields" time="0.297" /><testcase classname="tests.test_multi_currency.TestAuthenticatedAPIs" name="test_get_regions" time="0.300" /><testcase classname="tests.test_multi_currency.TestTransactionModel" name="test_transaction_has_currency_fields" time="0.450" /><testcase classname="tests.test_multi_currency.TestTransactionModel" name="test_get_transactions_includes_currency_fields" time="0.337" /></testsuite></testsuites>