<?xml version="1.0" encoding="utf-8"?><testsuites name="pytest tests"><testsuite name="pytest" errors="0" failures="0" skipped="0" tests="12" time="3.696" timestamp="2026-01-12T12:51:01.320654+00:00" hostname="agent-env-8049b47b-9d0d-44c6-96b4-94a45a894e91"><testcase classname="tests.test_reporting_horizon.TestReportingHorizonPreferences" name="test_get_reporting_horizon_preferences" time="0.329" /><testcase classname="tests.test_reporting_horizon.TestReportingHorizonPreferences" name="test_update_reporting_horizon_preferences" time="0.325" /><testcase classname="tests.test_reporting_horizon.TestReportingHorizonPreferences" name="test_update_compare_to_prior_toggle" time="0.288" /><testcase classname="tests.test_reporting_horizon.TestReportingHorizonPreferences" name="test_custom_date_range" time="0.320" /><testcase classname="tests.test_reporting_horizon.TestDashboardMetrics" name="test_get_group_summary" time="0.270" /><testcase classname="tests.test_reporting_horizon.TestDashboardMetrics" name="test_get_company_dashboard" time="0.320" /><testcase classname="tests.test_reporting_horizon.TestRAGPolicies" name="test_get_rag_defaults" time="0.263" /><testcase classname="tests.test_reporting_horizon.TestRAGPolicies" name="test_evaluate_metrics_against_rag" time="0.320" /><testcase classname="tests.test_reporting_horizon.TestCustomRatios" name="test_get_pinned_ratios" time="0.324" /><testcase classname="tests.test_reporting_horizon.TestCustomRatios" name="test_get_financial_variables" time="0.266" /><testcase classname="tests.test_reporting_horizon.TestDashboardLayouts" name="test_get_dashboard_layouts" time="0.309" /><testcase classname="tests.test_reporting_horizon.TestDashboardLayouts" name="test_get_active_layout_preference" time="0.309" /></testsuite></testsuites>