<?xml version="1.0" encoding="utf-8"?><testsuites name="pytest tests"><testsuite name="pytest" errors="0" failures="0" skipped="0" tests="43" time="58.640" timestamp="2026-01-10T18:32:45.710651+00:00" hostname="agent-env-1ed5bd21-be73-49f3-9efd-04875bda393b"><testcase classname="tests.test_fpa_loans_consolidation.TestFXRates" name="test_get_fx_rates_default_base" time="0.075" /><testcase classname="tests.test_fpa_loans_consolidation.TestFXRates" name="test_get_fx_rates_with_gbp_base" time="0.039" /><testcase classname="tests.test_fpa_loans_consolidation.TestFXRates" name="test_fx_convert_same_currency" time="0.045" /><testcase classname="tests.test_fpa_loans_consolidation.TestFXRates" name="test_fx_convert_different_currencies" time="0.042" /><testcase classname="tests.test_fpa_loans_consolidation.TestFPADriverTypes" name="test_get_driver_types" time="0.041" /><testcase classname="tests.test_fpa_loans_consolidation.TestFPAPlanningVersions" name="test_create_planning_version" time="0.397" /><testcase classname="tests.test_fpa_loans_consolidation.TestFPAPlanningVersions" name="test_get_planning_versions_list" time="0.340" /><testcase classname="tests.test_fpa_loans_consolidation.TestFPAPlanningVersions" name="test_get_single_planning_version" time="0.449" /><testcase classname="tests.test_fpa_loans_consolidation.TestFPAPlanningVersions" name="test_update_planning_version" time="0.457" /><testcase classname="tests.test_fpa_loans_consolidation.TestFPAPlanningVersions" name="test_toggle_version_lock" time="0.520" /><testcase classname="tests.test_fpa_loans_consolidation.TestFPAPlanningVersions" name="test_cannot_update_locked_version" time="0.503" /><testcase classname="tests.test_fpa_loans_consolidation.TestFPAPlanningVersions" name="test_copy_planning_version" time="0.486" /><testcase classname="tests.test_fpa_loans_consolidation.TestFPAPlanningVersions" name="test_delete_planning_version" time="0.409" /><testcase classname="tests.test_fpa_loans_consolidation.TestFPAPlanningVersions" name="test_cannot_delete_locked_version" time="0.523" /><testcase classname="tests.test_fpa_loans_consolidation.TestFPADrivers" name="test_create_driver" time="28.281" /><testcase classname="tests.test_fpa_loans_consolidation.TestFPADrivers" name="test_duplicate_driver_name_rejected" time="3.465" /><testcase classname="tests.test_fpa_loans_consolidation.TestFPADrivers" name="test_get_drivers_list" time="11.469" /><testcase classname="tests.test_fpa_loans_consolidation.TestFPADrivers" name="test_get_single_driver" time="0.386" /><testcase classname="tests.test_fpa_loans_consolidation.TestFPADrivers" name="test_update_driver" time="0.448" /><testcase classname="tests.test_fpa_loans_consolidation.TestFPADrivers" name="test_delete_driver" time="0.384" /><testcase classname="tests.test_fpa_loans_consolidation.TestFPAOverview" name="test_get_fpa_overview" time="0.295" /><testcase classname="tests.test_fpa_loans_consolidation.TestLoans" name="test_create_loan" time="0.372" /><testcase classname="tests.test_fpa_loans_consolidation.TestLoans" name="test_get_loans_list" time="0.336" /><testcase classname="tests.test_fpa_loans_consolidation.TestLoans" name="test_get_single_loan" time="0.491" /><testcase classname="tests.test_fpa_loans_consolidation.TestLoans" name="test_update_loan" time="0.526" /><testcase classname="tests.test_fpa_loans_consolidation.TestLoans" name="test_delete_loan" time="0.409" /><testcase classname="tests.test_fpa_loans_consolidation.TestCovenants" name="test_create_covenant" time="0.420" /><testcase classname="tests.test_fpa_loans_consolidation.TestCovenants" name="test_get_covenants_list" time="0.410" /><testcase classname="tests.test_fpa_loans_consolidation.TestCovenants" name="test_get_single_covenant" time="0.451" /><testcase classname="tests.test_fpa_loans_consolidation.TestCovenants" name="test_update_covenant" time="0.513" /><testcase classname="tests.test_fpa_loans_consolidation.TestCovenants" name="test_delete_covenant" time="0.527" /><testcase classname="tests.test_fpa_loans_consolidation.TestCovenants" name="test_record_covenant_measurement_compliant" time="0.521" /><testcase classname="tests.test_fpa_loans_consolidation.TestCovenants" name="test_record_covenant_measurement_warning" time="0.455" /><testcase classname="tests.test_fpa_loans_consolidation.TestCovenants" name="test_record_covenant_measurement_breach" time="0.491" /><testcase classname="tests.test_fpa_loans_consolidation.TestCovenants" name="test_get_covenant_summary" time="0.428" /><testcase classname="tests.test_fpa_loans_consolidation.TestConsolidationGroups" name="test_create_consolidation_group" time="0.375" /><testcase classname="tests.test_fpa_loans_consolidation.TestConsolidationGroups" name="test_get_consolidation_groups_list" time="0.350" /><testcase classname="tests.test_fpa_loans_consolidation.TestConsolidationGroups" name="test_get_single_consolidation_group" time="0.429" /><testcase classname="tests.test_fpa_loans_consolidation.TestConsolidationGroups" name="test_update_consolidation_group" time="0.451" /><testcase classname="tests.test_fpa_loans_consolidation.TestConsolidationGroups" name="test_delete_consolidation_group" time="0.422" /><testcase classname="tests.test_fpa_loans_consolidation.TestConsolidationGroups" name="test_run_consolidation" time="0.438" /><testcase classname="tests.test_fpa_loans_consolidation.TestConsolidationResults" name="test_get_consolidation_results" time="0.300" /><testcase classname="tests.test_fpa_loans_consolidation.TestConsolidationResults" name="test_get_entity_summary" time="0.343" /></testsuite></testsuites>