<?xml version="1.0" encoding="utf-8"?><testsuites name="pytest tests"><testsuite name="pytest" errors="0" failures="0" skipped="0" tests="29" time="2.252" timestamp="2026-01-16T10:41:42.370378+00:00" hostname="agent-env-6a5f46f0-be73-4264-ae30-bb59d6610aa4"><testcase classname="tests.test_ic_eliminations.TestICEliminationsFeature" name="test_create_ic_transaction_sale" time="0.368" /><testcase classname="tests.test_ic_eliminations.TestICEliminationsFeature" name="test_create_ic_transaction_purchase" time="0.042" /><testcase classname="tests.test_ic_eliminations.TestICEliminationsFeature" name="test_create_ic_transaction_loan" time="0.044" /><testcase classname="tests.test_ic_eliminations.TestICEliminationsFeature" name="test_create_ic_transaction_management_fee" time="0.037" /><testcase classname="tests.test_ic_eliminations.TestICEliminationsFeature" name="test_create_ic_transaction_same_entity_fails" time="0.040" /><testcase classname="tests.test_ic_eliminations.TestICEliminationsFeature" name="test_get_ic_transactions" time="0.042" /><testcase classname="tests.test_ic_eliminations.TestICEliminationsFeature" name="test_get_ic_transactions_filter_by_status" time="0.041" /><testcase classname="tests.test_ic_eliminations.TestICEliminationsFeature" name="test_get_single_ic_transaction" time="0.037" /><testcase classname="tests.test_ic_eliminations.TestICEliminationsFeature" name="test_update_ic_transaction" time="0.039" /><testcase classname="tests.test_ic_eliminations.TestICEliminationsFeature" name="test_get_ic_elimination_rules" time="0.040" /><testcase classname="tests.test_ic_eliminations.TestICEliminationsFeature" name="test_create_ic_elimination_rule" time="0.078" /><testcase classname="tests.test_ic_eliminations.TestICEliminationsFeature" name="test_update_ic_elimination_rule" time="0.041" /><testcase classname="tests.test_ic_eliminations.TestICEliminationsFeature" name="test_get_ic_statistics" time="0.042" /><testcase classname="tests.test_ic_eliminations.TestICEliminationsFeature" name="test_auto_match_ic_transactions" time="0.085" /><testcase classname="tests.test_ic_eliminations.TestICEliminationsFeature" name="test_manual_match_ic_transactions" time="0.076" /><testcase classname="tests.test_ic_eliminations.TestICEliminationsFeature" name="test_unmatch_ic_transaction" time="0.115" /><testcase classname="tests.test_ic_eliminations.TestICEliminationsFeature" name="test_generate_mock_ic_data" time="0.041" /><testcase classname="tests.test_ic_eliminations.TestICEliminationsFeature" name="test_run_ic_eliminations" time="0.130" /><testcase classname="tests.test_ic_eliminations.TestICEliminationsFeature" name="test_get_ic_elimination_results" time="0.039" /><testcase classname="tests.test_ic_eliminations.TestICEliminationsFeature" name="test_delete_ic_transaction" time="0.159" /><testcase classname="tests.test_ic_eliminations.TestICEliminationsFeature" name="test_delete_ic_elimination_rule" time="0.039" /><testcase classname="tests.test_ic_eliminations.TestICTransactionTypes" name="test_create_transaction_type[sale]" time="0.330" /><testcase classname="tests.test_ic_eliminations.TestICTransactionTypes" name="test_create_transaction_type[purchase]" time="0.040" /><testcase classname="tests.test_ic_eliminations.TestICTransactionTypes" name="test_create_transaction_type[loan]" time="0.041" /><testcase classname="tests.test_ic_eliminations.TestICTransactionTypes" name="test_create_transaction_type[dividend]" time="0.035" /><testcase classname="tests.test_ic_eliminations.TestICTransactionTypes" name="test_create_transaction_type[management_fee]" time="0.039" /><testcase classname="tests.test_ic_eliminations.TestICTransactionTypes" name="test_create_transaction_type[royalty]" time="0.035" /><testcase classname="tests.test_ic_eliminations.TestICTransactionTypes" name="test_create_transaction_type[transfer]" time="0.053" /><testcase classname="tests.test_ic_eliminations.TestICTransactionTypes" name="test_create_transaction_type[other]" time="0.041" /></testsuite></testsuites>