<?xml version="1.0" encoding="utf-8"?><testsuites name="pytest tests"><testsuite name="pytest" errors="0" failures="1" skipped="0" tests="29" time="2.348" timestamp="2026-01-16T10:36:46.517034+00:00" hostname="agent-env-6a5f46f0-be73-4264-ae30-bb59d6610aa4"><testcase classname="tests.test_ic_eliminations.TestICEliminationsFeature" name="test_create_ic_transaction_sale" time="0.388" /><testcase classname="tests.test_ic_eliminations.TestICEliminationsFeature" name="test_create_ic_transaction_purchase" time="0.047" /><testcase classname="tests.test_ic_eliminations.TestICEliminationsFeature" name="test_create_ic_transaction_loan" time="0.042" /><testcase classname="tests.test_ic_eliminations.TestICEliminationsFeature" name="test_create_ic_transaction_management_fee" time="0.040" /><testcase classname="tests.test_ic_eliminations.TestICEliminationsFeature" name="test_create_ic_transaction_same_entity_fails" time="0.041" /><testcase classname="tests.test_ic_eliminations.TestICEliminationsFeature" name="test_get_ic_transactions" time="0.039" /><testcase classname="tests.test_ic_eliminations.TestICEliminationsFeature" name="test_get_ic_transactions_filter_by_status" time="0.048" /><testcase classname="tests.test_ic_eliminations.TestICEliminationsFeature" name="test_get_single_ic_transaction" time="0.042" /><testcase classname="tests.test_ic_eliminations.TestICEliminationsFeature" name="test_update_ic_transaction" time="0.036" /><testcase classname="tests.test_ic_eliminations.TestICEliminationsFeature" name="test_get_ic_elimination_rules" time="0.038" /><testcase classname="tests.test_ic_eliminations.TestICEliminationsFeature" name="test_create_ic_elimination_rule" time="0.088" /><testcase classname="tests.test_ic_eliminations.TestICEliminationsFeature" name="test_update_ic_elimination_rule" time="0.042" /><testcase classname="tests.test_ic_eliminations.TestICEliminationsFeature" name="test_get_ic_statistics" time="0.040" /><testcase classname="tests.test_ic_eliminations.TestICEliminationsFeature" name="test_auto_match_ic_transactions" time="0.040"><failure message="AssertionError: assert 'pending_count' in {'newly_disputed': 0, 'newly_matched': 1, 'total_disputed': 0, 'total_eliminated': 8, ...}">tests/test_ic_eliminations.py:314: in test_auto_match_ic_transactions
    assert "pending_count" in data
E   AssertionError: assert 'pending_count' in {'newly_disputed': 0, 'newly_matched': 1, 'total_disputed': 0, 'total_eliminated': 8, ...}</failure></testcase><testcase classname="tests.test_ic_eliminations.TestICEliminationsFeature" name="test_manual_match_ic_transactions" time="0.081" /><testcase classname="tests.test_ic_eliminations.TestICEliminationsFeature" name="test_unmatch_ic_transaction" time="0.112" /><testcase classname="tests.test_ic_eliminations.TestICEliminationsFeature" name="test_generate_mock_ic_data" time="0.038" /><testcase classname="tests.test_ic_eliminations.TestICEliminationsFeature" name="test_run_ic_eliminations" time="0.134" /><testcase classname="tests.test_ic_eliminations.TestICEliminationsFeature" name="test_get_ic_elimination_results" time="0.038" /><testcase classname="tests.test_ic_eliminations.TestICEliminationsFeature" name="test_delete_ic_transaction" time="0.157" /><testcase classname="tests.test_ic_eliminations.TestICEliminationsFeature" name="test_delete_ic_elimination_rule" time="0.038" /><testcase classname="tests.test_ic_eliminations.TestICTransactionTypes" name="test_create_transaction_type[sale]" time="0.338" /><testcase classname="tests.test_ic_eliminations.TestICTransactionTypes" name="test_create_transaction_type[purchase]" time="0.040" /><testcase classname="tests.test_ic_eliminations.TestICTransactionTypes" name="test_create_transaction_type[loan]" time="0.040" /><testcase classname="tests.test_ic_eliminations.TestICTransactionTypes" name="test_create_transaction_type[dividend]" time="0.039" /><testcase classname="tests.test_ic_eliminations.TestICTransactionTypes" name="test_create_transaction_type[management_fee]" time="0.038" /><testcase classname="tests.test_ic_eliminations.TestICTransactionTypes" name="test_create_transaction_type[royalty]" time="0.039" /><testcase classname="tests.test_ic_eliminations.TestICTransactionTypes" name="test_create_transaction_type[transfer]" time="0.039" /><testcase classname="tests.test_ic_eliminations.TestICTransactionTypes" name="test_create_transaction_type[other]" time="0.040" /></testsuite></testsuites>