<?xml version="1.0" encoding="utf-8"?><testsuites name="pytest tests"><testsuite name="pytest" errors="0" failures="0" skipped="0" tests="43" time="16.794" timestamp="2026-01-10T19:38:05.101643+00:00" hostname="agent-env-1ed5bd21-be73-49f3-9efd-04875bda393b"><testcase classname="tests.test_fpa_loans_consolidation.TestFXRates" name="test_get_fx_rates_default_base" time="0.193" /><testcase classname="tests.test_fpa_loans_consolidation.TestFXRates" name="test_get_fx_rates_with_gbp_base" time="0.126" /><testcase classname="tests.test_fpa_loans_consolidation.TestFXRates" name="test_fx_convert_same_currency" time="0.043" /><testcase classname="tests.test_fpa_loans_consolidation.TestFXRates" name="test_fx_convert_different_currencies" time="0.037" /><testcase classname="tests.test_fpa_loans_consolidation.TestFPADriverTypes" name="test_get_driver_types" time="0.039" /><testcase classname="tests.test_fpa_loans_consolidation.TestFPAPlanningVersions" name="test_create_planning_version" time="0.471" /><testcase classname="tests.test_fpa_loans_consolidation.TestFPAPlanningVersions" name="test_get_planning_versions_list" time="0.339" /><testcase classname="tests.test_fpa_loans_consolidation.TestFPAPlanningVersions" name="test_get_single_planning_version" time="0.462" /><testcase classname="tests.test_fpa_loans_consolidation.TestFPAPlanningVersions" name="test_update_planning_version" time="0.485" /><testcase classname="tests.test_fpa_loans_consolidation.TestFPAPlanningVersions" name="test_toggle_version_lock" time="0.462" /><testcase classname="tests.test_fpa_loans_consolidation.TestFPAPlanningVersions" name="test_cannot_update_locked_version" time="0.496" /><testcase classname="tests.test_fpa_loans_consolidation.TestFPAPlanningVersions" name="test_copy_planning_version" time="0.488" /><testcase classname="tests.test_fpa_loans_consolidation.TestFPAPlanningVersions" name="test_delete_planning_version" time="0.417" /><testcase classname="tests.test_fpa_loans_consolidation.TestFPAPlanningVersions" name="test_cannot_delete_locked_version" time="0.500" /><testcase classname="tests.test_fpa_loans_consolidation.TestFPADrivers" name="test_create_driver" time="0.343" /><testcase classname="tests.test_fpa_loans_consolidation.TestFPADrivers" name="test_duplicate_driver_name_rejected" time="0.422" /><testcase classname="tests.test_fpa_loans_consolidation.TestFPADrivers" name="test_get_drivers_list" time="0.306" /><testcase classname="tests.test_fpa_loans_consolidation.TestFPADrivers" name="test_get_single_driver" time="0.416" /><testcase classname="tests.test_fpa_loans_consolidation.TestFPADrivers" name="test_update_driver" time="0.410" /><testcase classname="tests.test_fpa_loans_consolidation.TestFPADrivers" name="test_delete_driver" time="0.411" /><testcase classname="tests.test_fpa_loans_consolidation.TestFPAOverview" name="test_get_fpa_overview" time="0.298" /><testcase classname="tests.test_fpa_loans_consolidation.TestLoans" name="test_create_loan" time="0.375" /><testcase classname="tests.test_fpa_loans_consolidation.TestLoans" name="test_get_loans_list" time="0.333" /><testcase classname="tests.test_fpa_loans_consolidation.TestLoans" name="test_get_single_loan" time="0.455" /><testcase classname="tests.test_fpa_loans_consolidation.TestLoans" name="test_update_loan" time="0.488" /><testcase classname="tests.test_fpa_loans_consolidation.TestLoans" name="test_delete_loan" time="0.416" /><testcase classname="tests.test_fpa_loans_consolidation.TestCovenants" name="test_create_covenant" time="0.432" /><testcase classname="tests.test_fpa_loans_consolidation.TestCovenants" name="test_get_covenants_list" time="0.465" /><testcase classname="tests.test_fpa_loans_consolidation.TestCovenants" name="test_get_single_covenant" time="0.513" /><testcase classname="tests.test_fpa_loans_consolidation.TestCovenants" name="test_update_covenant" time="0.524" /><testcase classname="tests.test_fpa_loans_consolidation.TestCovenants" name="test_delete_covenant" time="0.528" /><testcase classname="tests.test_fpa_loans_consolidation.TestCovenants" name="test_record_covenant_measurement_compliant" time="0.456" /><testcase classname="tests.test_fpa_loans_consolidation.TestCovenants" name="test_record_covenant_measurement_warning" time="0.446" /><testcase classname="tests.test_fpa_loans_consolidation.TestCovenants" name="test_record_covenant_measurement_breach" time="0.483" /><testcase classname="tests.test_fpa_loans_consolidation.TestCovenants" name="test_get_covenant_summary" time="0.414" /><testcase classname="tests.test_fpa_loans_consolidation.TestConsolidationGroups" name="test_create_consolidation_group" time="0.378" /><testcase classname="tests.test_fpa_loans_consolidation.TestConsolidationGroups" name="test_get_consolidation_groups_list" time="0.382" /><testcase classname="tests.test_fpa_loans_consolidation.TestConsolidationGroups" name="test_get_single_consolidation_group" time="0.410" /><testcase classname="tests.test_fpa_loans_consolidation.TestConsolidationGroups" name="test_update_consolidation_group" time="0.488" /><testcase classname="tests.test_fpa_loans_consolidation.TestConsolidationGroups" name="test_delete_consolidation_group" time="0.421" /><testcase classname="tests.test_fpa_loans_consolidation.TestConsolidationGroups" name="test_run_consolidation" time="0.458" /><testcase classname="tests.test_fpa_loans_consolidation.TestConsolidationResults" name="test_get_consolidation_results" time="0.330" /><testcase classname="tests.test_fpa_loans_consolidation.TestConsolidationResults" name="test_get_entity_summary" time="0.301" /></testsuite></testsuites>